This is pdfTeX, Version 3.14159265-2.6-1.40.19 (MiKTeX 2.9.6930 64-bit) (preloaded format=pdflatex 2019.3.22)  24 JUN 2019 01:07
entering extended mode
**./article_2.tex
(article_2.tex
LaTeX2e <2018-12-01>
(D:\miktext\tex/latex/base\article.cls
Document Class: article 2018/09/03 v1.4i Standard LaTeX document class
(D:\miktext\tex/latex/base\size10.clo
File: size10.clo 2018/09/03 v1.4i Standard LaTeX file (size option)
)
\c@part=\count80
\c@section=\count81
\c@subsection=\count82
\c@subsubsection=\count83
\c@paragraph=\count84
\c@subparagraph=\count85
\c@figure=\count86
\c@table=\count87
\abovecaptionskip=\skip41
\belowcaptionskip=\skip42
\bibindent=\dimen102
)
(D:\miktext\tex/latex/blindtext\blindtext.sty
Package: blindtext 2012/01/06 V2.0 blindtext-Package

(D:\miktext\tex/latex/tools\xspace.sty
Package: xspace 2014/10/28 v1.13 Space after command names (DPC,MH)
)
\c@blindtext=\count88
\c@Blindtext=\count89
\c@blind@countparstart=\count90
\blind@countxx=\count91
\blindtext@numBlindtext=\count92
\blind@countyy=\count93
\c@blindlist=\count94
\c@blindlistlevel=\count95
\c@blindlist@level=\count96
\blind@listitem=\count97
\c@blind@listcount=\count98
\c@blind@levelcount=\count99
\blind@mathformula=\count100
\blind@Mathformula=\count101
\c@blind@randomcount=\count102
\c@blind@randommax=\count103
\c@blind@pangramcount=\count104
\c@blind@pangrammax=\count105
)
(D:\miktext\tex/latex/graphics\graphicx.sty
Package: graphicx 2017/06/01 v1.1a Enhanced LaTeX Graphics (DPC,SPQR)

(D:\miktext\tex/latex/graphics\keyval.sty
Package: keyval 2014/10/28 v1.15 key=value parser (DPC)
\KV@toks@=\toks14
)
(D:\miktext\tex/latex/graphics\graphics.sty
Package: graphics 2017/06/25 v1.2c Standard LaTeX Graphics (DPC,SPQR)

(D:\miktext\tex/latex/graphics\trig.sty
Package: trig 2016/01/03 v1.10 sin cos tan (DPC)
)
(D:\miktext\tex/latex/graphics-cfg\graphics.cfg
File: graphics.cfg 2016/06/04 v1.11 sample graphics configuration
)
Package graphics Info: Driver file: pdftex.def on input line 99.

(D:\miktext\tex/latex/graphics-def\pdftex.def
File: pdftex.def 2018/01/08 v1.0l Graphics/color driver for pdftex
))
\Gin@req@height=\dimen103
\Gin@req@width=\dimen104
)
(D:\miktext\tex/latex/psnfss\mathpazo.sty
Package: mathpazo 2005/04/12 PSNFSS-v9.2a Palatino w/ Pazo Math (D.Puga, WaS) 
\symupright=\mathgroup4
)
(D:\miktext\tex/latex/base\fontenc.sty
Package: fontenc 2018/08/11 v2.0j Standard LaTeX package
 (D:\miktext\tex/latex/base\t1enc.def
File: t1enc.def 2018/08/11 v2.0j Standard LaTeX file
LaTeX Font Info:    Redeclaring font encoding T1 on input line 48.
))
(D:\miktext\tex/latex/microtype\microtype.sty
Package: microtype 2019/02/28 v2.7b Micro-typographical refinements (RS)
\MT@toks=\toks15
\MT@count=\count106
LaTeX Info: Redefining \textls on input line 790.
\MT@outer@kern=\dimen105
LaTeX Info: Redefining \textmicrotypecontext on input line 1336.
\MT@listname@count=\count107

(D:\miktext\tex/latex/microtype\microtype-pdftex.def
File: microtype-pdftex.def 2019/02/28 v2.7b Definitions specific to pdftex (RS)

LaTeX Info: Redefining \lsstyle on input line 914.
LaTeX Info: Redefining \lslig on input line 914.
\MT@outer@space=\skip43
)
Package microtype Info: Loading configuration file microtype.cfg.

(D:\miktext\tex/latex/microtype\microtype.cfg
File: microtype.cfg 2019/02/28 v2.7b microtype main configuration file (RS)
))
(D:\miktext\tex/generic/babel\babel.sty
Package: babel 2018/11/13 3.27 The Babel package

(D:\miktext\tex/generic/babel\switch.def
File: switch.def 2018/11/13 3.27 Babel switching mechanism
)
*************************************
* Local config file bblopts.cfg used
*
(D:\miktext\tex/latex/arabi\bblopts.cfg
File: bblopts.cfg 2005/09/08 v0.1 add Arabic and Farsi to "declared" options of
 babel
)
(D:\miktext\tex/latex/babel-english\english.ldf
Language: english 2017/06/06 v3.3r English support from the babel system

(D:\miktext\tex/generic/babel\babel.def
File: babel.def 2018/11/13 3.27 Babel common definitions
\babel@savecnt=\count108
\U@D=\dimen106

(D:\miktext\tex/generic/babel\txtbabel.def)
\bbl@dirlevel=\count109
)
\l@canadian = a dialect from \language\l@american 
\l@australian = a dialect from \language\l@british 
\l@newzealand = a dialect from \language\l@british 
))
(D:\miktext\tex/latex/geometry\geometry.sty
Package: geometry 2018/04/16 v5.8 Page Geometry

(D:\miktext\tex/generic/oberdiek\ifpdf.sty
Package: ifpdf 2018/09/07 v3.3 Provides the ifpdf switch
)
(D:\miktext\tex/generic/oberdiek\ifvtex.sty
Package: ifvtex 2016/05/16 v1.6 Detect VTeX and its facilities (HO)
Package ifvtex Info: VTeX not detected.
)
(D:\miktext\tex/generic/ifxetex\ifxetex.sty
Package: ifxetex 2010/09/12 v0.6 Provides ifxetex conditional
)
\Gm@cnth=\count110
\Gm@cntv=\count111
\c@Gm@tempcnt=\count112
\Gm@bindingoffset=\dimen107
\Gm@wd@mp=\dimen108
\Gm@odd@mp=\dimen109
\Gm@even@mp=\dimen110
\Gm@layoutwidth=\dimen111
\Gm@layoutheight=\dimen112
\Gm@layouthoffset=\dimen113
\Gm@layoutvoffset=\dimen114
\Gm@dimlist=\toks16

(D:\miktext\tex/latex/geometry\geometry.cfg))
(D:\miktext\tex/latex/caption\caption.sty
Package: caption 2018/10/06 v3.3-154 Customizing captions (AR)

(D:\miktext\tex/latex/caption\caption3.sty
Package: caption3 2018/09/12 v1.8c caption3 kernel (AR)
Package caption3 Info: TeX engine: e-TeX on input line 64.
\captionmargin=\dimen115
\captionmargin@=\dimen116
\captionwidth=\dimen117
\caption@tempdima=\dimen118
\caption@indent=\dimen119
\caption@parindent=\dimen120
\caption@hangindent=\dimen121
)
\c@caption@flags=\count113
\c@ContinuedFloat=\count114
)
(D:\miktext\tex/latex/booktabs\booktabs.sty
Package: booktabs 2005/04/14 v1.61803 publication quality tables
\heavyrulewidth=\dimen122
\lightrulewidth=\dimen123
\cmidrulewidth=\dimen124
\belowrulesep=\dimen125
\belowbottomsep=\dimen126
\aboverulesep=\dimen127
\abovetopsep=\dimen128
\cmidrulesep=\dimen129
\cmidrulekern=\dimen130
\defaultaddspace=\dimen131
\@cmidla=\count115
\@cmidlb=\count116
\@aboverulesep=\dimen132
\@belowrulesep=\dimen133
\@thisruleclass=\count117
\@lastruleclass=\count118
\@thisrulewidth=\dimen134
)
(D:\miktext\tex/latex/lettrine\lettrine.sty
File: lettrine.sty 2019-04-06 v2.22 (Daniel Flipo)

(D:\miktext\tex/generic/minifp\minifp.sty
Package: minifp 2013/12/30 v0.96. Macros for real number operations and a stack
-based programing language.
\MFP@loopctr=\count119
)
\c@DefaultLines=\count120
\c@DefaultDepth=\count121
\DefaultFindent=\dimen135
\DefaultNindent=\dimen136
\DefaultSlope=\dimen137
\DiscardVskip=\dimen138
\L@lbox=\box27
\L@tbox=\box28
\c@L@lines=\count122
\c@L@depth=\count123
\L@Pindent=\dimen139
\L@Findent=\dimen140
\L@Nindent=\dimen141
\L@lraise=\dimen142
\L@first=\dimen143
\L@next=\dimen144
\L@slope=\dimen145
\L@height=\dimen146
\L@novskip=\dimen147
\L@target@ht=\dimen148
\L@target@dp=\dimen149
\L@target@tht=\dimen150
\LettrineWidth=\dimen151
\LettrineHeight=\dimen152
\LettrineDepth=\dimen153
\Llist@everypar=\toks17

Loading lettrine.cfg
(D:\miktext\tex/latex/lettrine\lettrine.cfg))
(D:\miktext\tex/latex/enumitem\enumitem.sty
Package: enumitem 2019/02/04 v3.8 Customized lists
\labelindent=\skip44
\enit@outerparindent=\dimen154
\enit@toks=\toks18
\enit@inbox=\box29
\enit@count@id=\count124
\enitdp@description=\count125
)
(D:\miktext\tex/latex/abstract\abstract.sty
Package: abstract 2009/06/08 v1.2a configurable abstracts
\abstitleskip=\skip45
\absleftindent=\skip46
\absrightindent=\skip47
\absparindent=\skip48
\absparsep=\skip49
)

! LaTeX Error: File `titlesec.sty' not found.

Type X to quit or <RETURN> to proceed,
or enter new name. (Default extension: sty)

Enter file name: 
! Emergency stop.
<read *> 
         
l.48 \renewcommand
                  \thesection{\Roman{section}} % Roman numerals for the sect...
*** (cannot \read from terminal in nonstop modes)

 
Here is how much of TeX's memory you used:
 5278 strings out of 492946
 80452 string characters out of 3143048
 195410 words of memory out of 3000000
 9155 multiletter control sequences out of 15000+200000
 4403 words of font info for 15 fonts, out of 3000000 for 9000
 1141 hyphenation exceptions out of 8191
 36i,0n,38p,257b,89s stack positions out of 5000i,500n,10000p,200000b,50000s
!  ==> Fatal error occurred, no output PDF file produced!
